2021-09-06 17:19:22.943  INFO 3676 --- [main] s.f.s.relentless.RelentlessApplication   : Starting RelentlessApplication using Java 11.0.11 on mdragicevic-PC with PID 3676 (E:\projects\relentless\build\classes\java\main started by mdragicevic in E:\projects\relentless)
2021-09-06 17:19:22.952  INFO 3676 --- [main] s.f.s.relentless.RelentlessApplication   : No active profile set, falling back to default profiles: default
2021-09-06 17:19:23.048  WARN 3676 --- [background-preinit] o.s.h.c.j.Jackson2ObjectMapperBuilder    : For Jackson Kotlin classes support please add "com.fasterxml.jackson.module:jackson-module-kotlin" to the classpath
2021-09-06 17:19:24.229  INFO 3676 --- [main] .s.d.r.c.RepositoryConfigurationDelegate : Bootstrapping Spring Data JPA repositories in DEFAULT mode.
2021-09-06 17:19:24.434  INFO 3676 --- [main] .s.d.r.c.RepositoryConfigurationDelegate : Finished Spring Data repository scanning in 192 ms. Found 22 JPA repository interfaces.
2021-09-06 17:19:26.487  INFO 3676 --- [main] o.s.b.w.embedded.tomcat.TomcatWebServer  : Tomcat initialized with port(s): 443 (http)
2021-09-06 17:19:26.505  INFO 3676 --- [main] o.apache.catalina.core.StandardService   : Starting service [Tomcat]
2021-09-06 17:19:26.505  INFO 3676 --- [main] org.apache.catalina.core.StandardEngine  : Starting Servlet engine: [Apache Tomcat/9.0.45]
2021-09-06 17:19:26.708  INFO 3676 --- [main] o.a.c.c.C.[Tomcat].[localhost].[/]       : Initializing Spring embedded WebApplicationContext
2021-09-06 17:19:26.708  INFO 3676 --- [main] w.s.c.ServletWebServerApplicationContext : Root WebApplicationContext: initialization completed in 3390 ms
2021-09-06 17:19:26.962  INFO 3676 --- [main] liquibase.integration                    : Liquibase did not run because 'shouldRun' property was set to false on liquibase Liquibase Spring bean.
2021-09-06 17:19:27.112  INFO 3676 --- [main] com.zaxxer.hikari.HikariDataSource       : DB-PROFILE-POOL - Starting...
2021-09-06 17:19:27.259  INFO 3676 --- [main] com.zaxxer.hikari.HikariDataSource       : DB-PROFILE-POOL - Start completed.
2021-09-06 17:19:27.373  INFO 3676 --- [main] o.hibernate.jpa.internal.util.LogHelper  : HHH000204: Processing PersistenceUnitInfo [name: default]
2021-09-06 17:19:27.462  INFO 3676 --- [main] org.hibernate.Version                    : HHH000412: Hibernate ORM core version 5.4.30.Final
2021-09-06 17:19:27.670  INFO 3676 --- [main] o.hibernate.annotations.common.Version   : HCANN000001: Hibernate Commons Annotations {5.1.2.Final}
2021-09-06 17:19:27.877  INFO 3676 --- [main] org.hibernate.dialect.Dialect            : HHH000400: Using dialect: org.hibernate.dialect.PostgreSQL10Dialect
2021-09-06 17:19:28.296  INFO 3676 --- [main] Hibernate Types                          : This framework is proudly powered by:

>>>>>>>>>>>>>>>>>>>>>>>>>>>>>>>>>>>>>>>>>>>>>>>>>>>>>>>>>>>>>>>>
 _    _                           _     _
| |  | |                         (_)   | |
| |__| |_   _ _ __   ___ _ __ ___ _ ___| |_ ___ _ __   ___ ___
|  __  | | | | '_ \ / _ \ '__/ __| / __| __/ _ \ '_ \ / __/ _ \
| |  | | |_| | |_) |  __/ |  \__ \ \__ \ ||  __/ | | | (_|  __/
|_|  |_|\__, | .__/ \___|_|  |___/_|___/\__\___|_| |_|\___\___|
         __/ | |
        |___/|_|

At Hypersistence, we only build amazing tools, like Hibernate Types, Flexy Pool, or Hypersistence Optimizer.

What if there were a tool that could automatically detect JPA and Hibernate performance issues?

Hypersistence Optimizer is that tool! For more details, go to: 

https://vladmihalcea.com/hypersistence-optimizer/
<<<<<<<<<<<<<<<<<<<<<<<<<<<<<<<<<<<<<<<<<<<<<<<<<<<<<<<<<<<<<<<<

2021-09-06 17:19:29.480  INFO 3676 --- [main] o.h.e.t.j.p.i.JtaPlatformInitiator       : HHH000490: Using JtaPlatform implementation: [org.hibernate.engine.transaction.jta.platform.internal.NoJtaPlatform]
2021-09-06 17:19:29.497  INFO 3676 --- [main] j.LocalContainerEntityManagerFactoryBean : Initialized JPA EntityManagerFactory for persistence unit 'default'
2021-09-06 17:19:30.703  INFO 3676 --- [main] s.f1.slasher.relentless.handling.Logger  : initializeExposure called
2021-09-06 17:19:30.737  INFO 3676 --- [main] net.fortuna.ical4j.util.Configurator     : ical4j.properties not found.
2021-09-06 17:19:33.472  INFO 3676 --- [main] s.f.s.relentless.scheduled.Scheduler     : onInitScheduler Called
2021-09-06 17:19:33.473  INFO 3676 --- [main] s.f.s.relentless.scheduled.Scheduler     : sundayJobs called
2021-09-06 17:19:33.474  INFO 3676 --- [main] s.f1.slasher.relentless.handling.Logger  : initializeExposure called
2021-09-06 17:19:35.566  INFO 3676 --- [main] s.f.slasher.relentless.util.MainUtility  : weekDay1
2021-09-06 17:19:35.567  INFO 3676 --- [main] s.f.slasher.relentless.util.MainUtility  : 7
2021-09-06 17:19:35.568  INFO 3676 --- [main] s.f.s.relentless.scheduled.Scheduler     : mondayJobs called
2021-09-06 17:19:35.569 ERROR 3676 --- [main] s.f1.slasher.relentless.handling.Logger  : mondayJobs called
2021-09-06 17:19:35.581  INFO 3676 --- [main] s.f1.slasher.relentless.handling.Logger  : deleteSportSurgeLinks
2021-09-06 17:19:36.044 ERROR 3676 --- [main] s.f.s.r.s.impl.LiveTimingServiceImpl     : error1: 2021-09-12_Italian_Grand_Prix
2021-09-06 17:19:36.052 ERROR 3676 --- [main] s.f.s.r.s.impl.LiveTimingServiceImpl     : error2:

org.springframework.web.client.HttpClientErrorException$NotFound: 404 Not Found: [<?xml version='1.0' encoding='UTF-8'?><Error><Code>NoSuchKey</Code><Message>The specified key does not exist.</Message></Error>]
	at org.springframework.web.client.HttpClientErrorException.create(HttpClientErrorException.java:113) ~[spring-web-5.3.6.jar:5.3.6]
	at org.springframework.web.client.DefaultResponseErrorHandler.handleError(DefaultResponseErrorHandler.java:186) ~[spring-web-5.3.6.jar:5.3.6]
	at org.springframework.web.client.DefaultResponseErrorHandler.handleError(DefaultResponseErrorHandler.java:125) ~[spring-web-5.3.6.jar:5.3.6]
	at org.springframework.web.client.ResponseErrorHandler.handleError(ResponseErrorHandler.java:63) ~[spring-web-5.3.6.jar:5.3.6]
	at org.springframework.web.client.RestTemplate.handleResponse(RestTemplate.java:819) ~[spring-web-5.3.6.jar:5.3.6]
	at org.springframework.web.client.RestTemplate.doExecute(RestTemplate.java:777) ~[spring-web-5.3.6.jar:5.3.6]
	at org.springframework.web.client.RestTemplate.execute(RestTemplate.java:711) ~[spring-web-5.3.6.jar:5.3.6]
	at org.springframework.web.client.RestTemplate.getForObject(RestTemplate.java:334) ~[spring-web-5.3.6.jar:5.3.6]
	at sorim.f1.slasher.relentless.service.impl.LiveTimingServiceImpl.getLiveTimingResponseOfErgastRace(LiveTimingServiceImpl.java:175) ~[main/:na]
	at sorim.f1.slasher.relentless.service.impl.LiveTimingServiceImpl.analyzeLatestRace(LiveTimingServiceImpl.java:230) ~[main/:na]
	at sorim.f1.slasher.relentless.scheduled.Scheduler.mondayJobs(Scheduler.java:37) ~[main/:na]
	at sorim.f1.slasher.relentless.scheduled.Scheduler.onInit(Scheduler.java:129) ~[main/:na]
	at java.base/jdk.internal.reflect.NativeMethodAccessorImpl.invoke0(Native Method) ~[na:na]
	at java.base/jdk.internal.reflect.NativeMethodAccessorImpl.invoke(NativeMethodAccessorImpl.java:62) ~[na:na]
	at java.base/jdk.internal.reflect.DelegatingMethodAccessorImpl.invoke(DelegatingMethodAccessorImpl.java:43) ~[na:na]
	at java.base/java.lang.reflect.Method.invoke(Method.java:566) ~[na:na]
	at org.springframework.beans.factory.annotation.InitDestroyAnnotationBeanPostProcessor$LifecycleElement.invoke(InitDestroyAnnotationBeanPostProcessor.java:389) ~[spring-beans-5.3.6.jar:5.3.6]
	at org.springframework.beans.factory.annotation.InitDestroyAnnotationBeanPostProcessor$LifecycleMetadata.invokeInitMethods(InitDestroyAnnotationBeanPostProcessor.java:333) ~[spring-beans-5.3.6.jar:5.3.6]
	at org.springframework.beans.factory.annotation.InitDestroyAnnotationBeanPostProcessor.postProcessBeforeInitialization(InitDestroyAnnotationBeanPostProcessor.java:157) ~[spring-beans-5.3.6.jar:5.3.6]
	at org.springframework.beans.factory.support.AbstractAutowireCapableBeanFactory.applyBeanPostProcessorsBeforeInitialization(AbstractAutowireCapableBeanFactory.java:422) ~[spring-beans-5.3.6.jar:5.3.6]
	at org.springframework.beans.factory.support.AbstractAutowireCapableBeanFactory.initializeBean(AbstractAutowireCapableBeanFactory.java:1778) ~[spring-beans-5.3.6.jar:5.3.6]
	at org.springframework.beans.factory.support.AbstractAutowireCapableBeanFactory.doCreateBean(AbstractAutowireCapableBeanFactory.java:602) ~[spring-beans-5.3.6.jar:5.3.6]
	at org.springframework.beans.factory.support.AbstractAutowireCapableBeanFactory.createBean(AbstractAutowireCapableBeanFactory.java:524) ~[spring-beans-5.3.6.jar:5.3.6]
	at org.springframework.beans.factory.support.AbstractBeanFactory.lambda$doGetBean$0(AbstractBeanFactory.java:335) ~[spring-beans-5.3.6.jar:5.3.6]
	at org.springframework.beans.factory.support.AbstractBeanFactory$$Lambda$249/0x0000000000000000.getObject(Unknown Source) ~[na:na]
	at org.springframework.beans.factory.support.DefaultSingletonBeanRegistry.getSingleton(DefaultSingletonBeanRegistry.java:234) ~[spring-beans-5.3.6.jar:5.3.6]
	at org.springframework.beans.factory.support.AbstractBeanFactory.doGetBean(AbstractBeanFactory.java:333) ~[spring-beans-5.3.6.jar:5.3.6]
	at org.springframework.beans.factory.support.AbstractBeanFactory.getBean(AbstractBeanFactory.java:208) ~[spring-beans-5.3.6.jar:5.3.6]
	at org.springframework.beans.factory.support.DefaultListableBeanFactory.preInstantiateSingletons(DefaultListableBeanFactory.java:944) ~[spring-beans-5.3.6.jar:5.3.6]
	at org.springframework.context.support.AbstractApplicationContext.finishBeanFactoryInitialization(AbstractApplicationContext.java:918) ~[spring-context-5.3.6.jar:5.3.6]
	at org.springframework.context.support.AbstractApplicationContext.refresh(AbstractApplicationContext.java:583) ~[spring-context-5.3.6.jar:5.3.6]
	at org.springframework.boot.web.servlet.context.ServletWebServerApplicationContext.refresh(ServletWebServerApplicationContext.java:144) ~[spring-boot-2.4.5.jar:2.4.5]
	at org.springframework.boot.SpringApplication.refresh(SpringApplication.java:782) ~[spring-boot-2.4.5.jar:2.4.5]
	at org.springframework.boot.SpringApplication.refresh(SpringApplication.java:774) ~[spring-boot-2.4.5.jar:2.4.5]
	at org.springframework.boot.SpringApplication.refreshContext(SpringApplication.java:439) ~[spring-boot-2.4.5.jar:2.4.5]
	at org.springframework.boot.SpringApplication.run(SpringApplication.java:339) ~[spring-boot-2.4.5.jar:2.4.5]
	at org.springframework.boot.SpringApplication.run(SpringApplication.java:1340) ~[spring-boot-2.4.5.jar:2.4.5]
	at org.springframework.boot.SpringApplication.run(SpringApplication.java:1329) ~[spring-boot-2.4.5.jar:2.4.5]
	at sorim.f1.slasher.relentless.RelentlessApplication.main(RelentlessApplication.java:10) ~[main/:na]

2021-09-06 17:19:36.053 ERROR 3676 --- [main] s.f1.slasher.relentless.handling.Logger  : 404 Not Found: [<?xml version='1.0' encoding='UTF-8'?><Error><Code>NoSuchKey</Code><Message>The specified key does not exist.</Message></Error>]
2021-09-06 17:19:36.247  WARN 3676 --- [main] JpaBaseConfiguration$JpaWebConfiguration : spring.jpa.open-in-view is enabled by default. Therefore, database queries may be performed during view rendering. Explicitly configure spring.jpa.open-in-view to disable this warning
2021-09-06 17:19:36.463  INFO 3676 --- [main] o.s.s.concurrent.ThreadPoolTaskExecutor  : Initializing ExecutorService 'applicationTaskExecutor'
2021-09-06 17:19:36.656  INFO 3676 --- [main] o.s.b.a.w.s.WelcomePageHandlerMapping    : Adding welcome page: class path resource [public/index.html]
2021-09-06 17:19:36.782  INFO 3676 --- [main] o.s.s.c.ThreadPoolTaskScheduler          : Initializing ExecutorService 'taskScheduler'
2021-09-06 17:19:36.843  INFO 3676 --- [main] o.s.b.w.embedded.tomcat.TomcatWebServer  : Tomcat started on port(s): 443 (http) with context path ''
2021-09-06 17:19:36.875  INFO 3676 --- [main] s.f.s.relentless.RelentlessApplication   : Started RelentlessApplication in 14.834 seconds (JVM running for 15.842)
